
Lmod is automatically replacing "intel/2018.3" with "gcc/5.4.0".


Lmod is automatically replacing "intel/2018.3" with "gcc/5.4.0".


Lmod is automatically replacing "intel/2018.3" with "gcc/5.4.0".


Lmod is automatically replacing "intel/2018.3" with "gcc/5.4.0".

-------------------------------------------------------------------------------
There are messages associated with the following module(s):
-------------------------------------------------------------------------------

nixpkgs/16.09:
   These standard environment modules are deprecated and now contain
   software packages that have security issues. We recommend not using
   these, and instead use our more recent StdEnv modules. Use at your own
   risk.

-------------------------------------------------------------------------------
Lmod is automatically replacing "intel/2018.3" with "gcc/5.4.0".


Lmod is automatically replacing "intel/2018.3" with "gcc/5.4.0".


Inactive Modules:
  1) openmpi/3.1.2

The following have been reloaded with a version change:
  1) gcccore/.7.3.0 => gcccore/.5.4.0

-------------------------------------------------------------------------------
There are messages associated with the following module(s):
-------------------------------------------------------------------------------

nixpkgs/16.09:
   These standard environment modules are deprecated and now contain
   software packages that have security issues. We recommend not using
   these, and instead use our more recent StdEnv modules. Use at your own
   risk.

-------------------------------------------------------------------------------
Inactive Modules:
  1) openmpi/3.1.2

The following have been reloaded with a version change:
  1) gcccore/.7.3.0 => gcccore/.5.4.0

-------------------------------------------------------------------------------
There are messages associated with the following module(s):
-------------------------------------------------------------------------------

nixpkgs/16.09:
   These standard environment modules are deprecated and now contain
   software packages that have security issues. We recommend not using
   these, and instead use our more recent StdEnv modules. Use at your own
   risk.

--------------------------------------------------------------------------------------------------------------------------------------------------------------
There are messages associated with the following module(s):
-------------------------------------------------------------------------------

Inactive Modules:

  1) openmpi/3.1.2nixpkgs/16.09
:

The following have been reloaded with a version change:
   These standard environment modules are deprecated and now contain
   software packages that have security issues. We recommend not using
   these, and instead use our more recent StdEnv modules. Use at your own
   risk.
  1) gcccore/.7.3.0 => gcccore/.5.4.0

-------------------------------------------------------------------------------

Inactive Modules:
  1) openmpi/3.1.2

The following have been reloaded with a version change:
  1) gcccore/.7.3.0 => gcccore/.5.4.0

-------------------------------------------------------------------------------
There are messages associated with the following module(s):
-------------------------------------------------------------------------------

nixpkgs/16.09:
   These standard environment modules are deprecated and now contain
   software packages that have security issues. We recommend not using
   these, and instead use our more recent StdEnv modules. Use at your own
   risk.

--------------------------------------------------------------------------------------------------------------------------------------------------------------
There are messages associated with the following module(s):
-------------------------------------------------------------------------------

Inactive Modules:

  1) openmpi/3.1.2nixpkgs/16.09
:

The following have been reloaded with a version change:
   These standard environment modules are deprecated and now contain
   software packages that have security issues. We recommend not using
   these, and instead use our more recent StdEnv modules. Use at your own
   risk.
  1) gcccore/.7.3.0 => gcccore/.5.4.0

-------------------------------------------------------------------------------

Inactive Modules:
  1) openmpi/3.1.2

The following have been reloaded with a version change:
  1) gcccore/.7.3.0 => gcccore/.5.4.0

WARNING:tensorflow:From Discourse_segmenter/src/run.py:43: The name tf.set_random_seed is deprecated. Please use tf.compat.v1.set_random_seed instead.

WARNING:tensorflow:From Discourse_segmenter/src/run.py:43: The name tf.set_random_seed is deprecated. Please use tf.compat.v1.set_random_seed instead.

WARNING:tensorflow:From Discourse_segmenter/src/run.py:43: The name tf.set_random_seed is deprecated. Please use tf.compat.v1.set_random_seed instead.

WARNING:tensorflow:From Discourse_segmenter/src/run.py:43: The name tf.set_random_seed is deprecated. Please use tf.compat.v1.set_random_seed instead.

WARNING:tensorflow:From Discourse_segmenter/src/run.py:43: The name tf.set_random_seed is deprecated. Please use tf.compat.v1.set_random_seed instead.

WARNING:tensorflow:From Discourse_segmenter/src/run.py:43: The name tf.set_random_seed is deprecated. Please use tf.compat.v1.set_random_seed instead.

WARNING:tensorflow:From /scratch/rrs99/Discourse_parser_pipeline/Discourse_segmenter/src/base_seg.py:32: The name tf.ConfigProto is deprecated. Please use tf.compat.v1.ConfigProto instead.

WARNING:tensorflow:From /scratch/rrs99/Discourse_parser_pipeline/Discourse_segmenter/src/base_seg.py:34: The name tf.Session is deprecated. Please use tf.compat.v1.Session instead.

WARNING:tensorflow:From /scratch/rrs99/Discourse_parser_pipeline/Discourse_segmenter/src/base_seg.py:32: The name tf.ConfigProto is deprecated. Please use tf.compat.v1.ConfigProto instead.

WARNING:tensorflow:From /scratch/rrs99/Discourse_parser_pipeline/Discourse_segmenter/src/base_seg.py:34: The name tf.Session is deprecated. Please use tf.compat.v1.Session instead.

WARNING:tensorflow:From /scratch/rrs99/Discourse_parser_pipeline/Discourse_segmenter/src/base_seg.py:32: The name tf.ConfigProto is deprecated. Please use tf.compat.v1.ConfigProto instead.

WARNING:tensorflow:From /scratch/rrs99/Discourse_parser_pipeline/Discourse_segmenter/src/base_seg.py:32: The name tf.ConfigProto is deprecated. Please use tf.compat.v1.ConfigProto instead.

WARNING:tensorflow:From /scratch/rrs99/Discourse_parser_pipeline/Discourse_segmenter/src/base_seg.py:34: The name tf.Session is deprecated. Please use tf.compat.v1.Session instead.

WARNING:tensorflow:From /scratch/rrs99/Discourse_parser_pipeline/Discourse_segmenter/src/base_seg.py:32: The name tf.ConfigProto is deprecated. Please use tf.compat.v1.ConfigProto instead.

WARNING:tensorflow:From /scratch/rrs99/Discourse_parser_pipeline/Discourse_segmenter/src/base_seg.py:34: The name tf.Session is deprecated. Please use tf.compat.v1.Session instead.

WARNING:tensorflow:From /scratch/rrs99/Discourse_parser_pipeline/Discourse_segmenter/src/base_seg.py:34: The name tf.Session is deprecated. Please use tf.compat.v1.Session instead.

WARNING:tensorflow:From /scratch/rrs99/Discourse_parser_pipeline/Discourse_segmenter/src/base_seg.py:32: The name tf.ConfigProto is deprecated. Please use tf.compat.v1.ConfigProto instead.

WARNING:tensorflow:From /scratch/rrs99/Discourse_parser_pipeline/Discourse_segmenter/src/base_seg.py:34: The name tf.Session is deprecated. Please use tf.compat.v1.Session instead.

WARNING:tensorflow:From /scratch/rrs99/Discourse_parser_pipeline/Discourse_segmenter/src/elmo_crf_seg.py:22: The name tf.placeholder is deprecated. Please use tf.compat.v1.placeholder instead.

WARNING:tensorflow:From /scratch/rrs99/Discourse_parser_pipeline/Discourse_segmenter/src/lstm_seg.py:15: The name tf.variable_scope is deprecated. Please use tf.compat.v1.variable_scope instead.

WARNING:tensorflow:From /scratch/rrs99/Discourse_parser_pipeline/Discourse_segmenter/src/elmo_crf_seg.py:32: The name tf.get_variable is deprecated. Please use tf.compat.v1.get_variable instead.

WARNING:tensorflow:From /scratch/rrs99/Discourse_parser_pipeline/Discourse_segmenter/src/elmo_crf_seg.py:22: The name tf.placeholder is deprecated. Please use tf.compat.v1.placeholder instead.

WARNING:tensorflow:From /scratch/rrs99/Discourse_parser_pipeline/Discourse_segmenter/src/elmo_crf_seg.py:22: The name tf.placeholder is deprecated. Please use tf.compat.v1.placeholder instead.

WARNING:tensorflow:From /scratch/rrs99/Discourse_parser_pipeline/Discourse_segmenter/src/lstm_seg.py:15: The name tf.variable_scope is deprecated. Please use tf.compat.v1.variable_scope instead.

WARNING:tensorflow:From /scratch/rrs99/Discourse_parser_pipeline/Discourse_segmenter/src/lstm_seg.py:15: The name tf.variable_scope is deprecated. Please use tf.compat.v1.variable_scope instead.

WARNING:tensorflow:From /scratch/rrs99/Discourse_parser_pipeline/Discourse_segmenter/src/elmo_crf_seg.py:45: calling dropout (from tensorflow.python.ops.nn_ops) with keep_prob is deprecated and will be removed in a future version.
Instructions for updating:
Please use `rate` instead of `keep_prob`. Rate should be set to `rate = 1 - keep_prob`.
WARNING:tensorflow:From /scratch/rrs99/Discourse_parser_pipeline/Discourse_segmenter/src/elmo_crf_seg.py:32: The name tf.get_variable is deprecated. Please use tf.compat.v1.get_variable instead.

WARNING:tensorflow:From /scratch/rrs99/Discourse_parser_pipeline/Discourse_segmenter/src/elmo_crf_seg.py:32: The name tf.get_variable is deprecated. Please use tf.compat.v1.get_variable instead.

WARNING:tensorflow:
The TensorFlow contrib module will not be included in TensorFlow 2.0.
For more information, please see:
  * https://github.com/tensorflow/community/blob/master/rfcs/20180907-contrib-sunset.md
  * https://github.com/tensorflow/addons
  * https://github.com/tensorflow/io (for I/O related ops)
If you depend on functionality not listed there, please file an issue.

WARNING:tensorflow:From /scratch/rrs99/Discourse_parser_pipeline/Discourse_segmenter/src/elmo_crf_seg.py:22: The name tf.placeholder is deprecated. Please use tf.compat.v1.placeholder instead.

WARNING:tensorflow:From /scratch/rrs99/Discourse_parser_pipeline/Discourse_segmenter/src/elmo_crf_seg.py:22: The name tf.placeholder is deprecated. Please use tf.compat.v1.placeholder instead.

WARNING:tensorflow:From /scratch/rrs99/Discourse_parser_pipeline/Discourse_segmenter/src/lstm_seg.py:15: The name tf.variable_scope is deprecated. Please use tf.compat.v1.variable_scope instead.

WARNING:tensorflow:From /scratch/rrs99/Discourse_parser_pipeline/Discourse_segmenter/src/lstm_seg.py:15: The name tf.variable_scope is deprecated. Please use tf.compat.v1.variable_scope instead.

WARNING:tensorflow:From /scratch/rrs99/Discourse_parser_pipeline/Discourse_segmenter/src/elmo_crf_seg.py:32: The name tf.get_variable is deprecated. Please use tf.compat.v1.get_variable instead.

WARNING:tensorflow:From /scratch/rrs99/Discourse_parser_pipeline/Discourse_segmenter/src/elmo_crf_seg.py:32: The name tf.get_variable is deprecated. Please use tf.compat.v1.get_variable instead.

WARNING:tensorflow:From /scratch/rrs99/Discourse_parser_pipeline/Discourse_segmenter/src/elmo_crf_seg.py:22: The name tf.placeholder is deprecated. Please use tf.compat.v1.placeholder instead.

WARNING:tensorflow:From /scratch/rrs99/Discourse_parser_pipeline/Discourse_segmenter/src/elmo_crf_seg.py:45: calling dropout (from tensorflow.python.ops.nn_ops) with keep_prob is deprecated and will be removed in a future version.
Instructions for updating:
Please use `rate` instead of `keep_prob`. Rate should be set to `rate = 1 - keep_prob`.
WARNING:tensorflow:From /scratch/rrs99/Discourse_parser_pipeline/Discourse_segmenter/src/lstm_seg.py:15: The name tf.variable_scope is deprecated. Please use tf.compat.v1.variable_scope instead.

WARNING:tensorflow:From /scratch/rrs99/Discourse_parser_pipeline/Discourse_segmenter/src/elmo_crf_seg.py:32: The name tf.get_variable is deprecated. Please use tf.compat.v1.get_variable instead.

WARNING:tensorflow:
The TensorFlow contrib module will not be included in TensorFlow 2.0.
For more information, please see:
  * https://github.com/tensorflow/community/blob/master/rfcs/20180907-contrib-sunset.md
  * https://github.com/tensorflow/addons
  * https://github.com/tensorflow/io (for I/O related ops)
If you depend on functionality not listed there, please file an issue.

WARNING:tensorflow:From /scratch/rrs99/Discourse_parser_pipeline/Discourse_segmenter/src/elmo_crf_seg.py:45: calling dropout (from tensorflow.python.ops.nn_ops) with keep_prob is deprecated and will be removed in a future version.
Instructions for updating:
Please use `rate` instead of `keep_prob`. Rate should be set to `rate = 1 - keep_prob`.
WARNING:tensorflow:
The TensorFlow contrib module will not be included in TensorFlow 2.0.
For more information, please see:
  * https://github.com/tensorflow/community/blob/master/rfcs/20180907-contrib-sunset.md
  * https://github.com/tensorflow/addons
  * https://github.com/tensorflow/io (for I/O related ops)
If you depend on functionality not listed there, please file an issue.

WARNING:tensorflow:From /scratch/rrs99/Discourse_parser_pipeline/Discourse_segmenter/src/elmo_crf_seg.py:45: calling dropout (from tensorflow.python.ops.nn_ops) with keep_prob is deprecated and will be removed in a future version.
Instructions for updating:
Please use `rate` instead of `keep_prob`. Rate should be set to `rate = 1 - keep_prob`.
WARNING:tensorflow:From /scratch/rrs99/Discourse_parser_pipeline/Discourse_segmenter/src/elmo_crf_seg.py:45: calling dropout (from tensorflow.python.ops.nn_ops) with keep_prob is deprecated and will be removed in a future version.
Instructions for updating:
Please use `rate` instead of `keep_prob`. Rate should be set to `rate = 1 - keep_prob`.
WARNING:tensorflow:
The TensorFlow contrib module will not be included in TensorFlow 2.0.
For more information, please see:
  * https://github.com/tensorflow/community/blob/master/rfcs/20180907-contrib-sunset.md
  * https://github.com/tensorflow/addons
  * https://github.com/tensorflow/io (for I/O related ops)
If you depend on functionality not listed there, please file an issue.

WARNING:tensorflow:
The TensorFlow contrib module will not be included in TensorFlow 2.0.
For more information, please see:
  * https://github.com/tensorflow/community/blob/master/rfcs/20180907-contrib-sunset.md
  * https://github.com/tensorflow/addons
  * https://github.com/tensorflow/io (for I/O related ops)
If you depend on functionality not listed there, please file an issue.

WARNING:tensorflow:From /scratch/rrs99/Discourse_parser_pipeline/Discourse_segmenter/src/elmo_crf_seg.py:45: calling dropout (from tensorflow.python.ops.nn_ops) with keep_prob is deprecated and will be removed in a future version.
Instructions for updating:
Please use `rate` instead of `keep_prob`. Rate should be set to `rate = 1 - keep_prob`.
WARNING:tensorflow:
The TensorFlow contrib module will not be included in TensorFlow 2.0.
For more information, please see:
  * https://github.com/tensorflow/community/blob/master/rfcs/20180907-contrib-sunset.md
  * https://github.com/tensorflow/addons
  * https://github.com/tensorflow/io (for I/O related ops)
If you depend on functionality not listed there, please file an issue.

WARNING:tensorflow:From /scratch/rrs99/Discourse_parser_pipeline/Discourse_segmenter/src/rnn.py:33: LSTMCell.__init__ (from tensorflow.python.ops.rnn_cell_impl) is deprecated and will be removed in a future version.
Instructions for updating:
This class is equivalent as tf.keras.layers.LSTMCell, and will be replaced by that in Tensorflow 2.0.
WARNING:tensorflow:From /scratch/rrs99/Discourse_parser_pipeline/Discourse_segmenter/src/rnn.py:33: LSTMCell.__init__ (from tensorflow.python.ops.rnn_cell_impl) is deprecated and will be removed in a future version.
Instructions for updating:
This class is equivalent as tf.keras.layers.LSTMCell, and will be replaced by that in Tensorflow 2.0.
WARNING:tensorflow:From /scratch/rrs99/Discourse_parser_pipeline/Discourse_segmenter/src/rnn.py:33: LSTMCell.__init__ (from tensorflow.python.ops.rnn_cell_impl) is deprecated and will be removed in a future version.
Instructions for updating:
This class is equivalent as tf.keras.layers.LSTMCell, and will be replaced by that in Tensorflow 2.0.
WARNING:tensorflow:From /scratch/rrs99/Discourse_parser_pipeline/Discourse_segmenter/src/rnn.py:33: LSTMCell.__init__ (from tensorflow.python.ops.rnn_cell_impl) is deprecated and will be removed in a future version.
Instructions for updating:
This class is equivalent as tf.keras.layers.LSTMCell, and will be replaced by that in Tensorflow 2.0.
WARNING:tensorflow:From /scratch/rrs99/Discourse_parser_pipeline/Discourse_segmenter/src/rnn.py:33: LSTMCell.__init__ (from tensorflow.python.ops.rnn_cell_impl) is deprecated and will be removed in a future version.
Instructions for updating:
This class is equivalent as tf.keras.layers.LSTMCell, and will be replaced by that in Tensorflow 2.0.
WARNING:tensorflow:From /scratch/rrs99/Discourse_parser_pipeline/Discourse_segmenter/src/rnn.py:33: LSTMCell.__init__ (from tensorflow.python.ops.rnn_cell_impl) is deprecated and will be removed in a future version.
Instructions for updating:
This class is equivalent as tf.keras.layers.LSTMCell, and will be replaced by that in Tensorflow 2.0.
WARNING:tensorflow:From /scratch/rrs99/Discourse_parser_pipeline/Discourse_segmenter/src/rnn.py:19: bidirectional_dynamic_rnn (from tensorflow.python.ops.rnn) is deprecated and will be removed in a future version.
Instructions for updating:
Please use `keras.layers.Bidirectional(keras.layers.RNN(cell))`, which is equivalent to this API
WARNING:tensorflow:From /scratch/rrs99/Discourse_parser_pipeline/Discourse_segmenter/src/rnn.py:19: bidirectional_dynamic_rnn (from tensorflow.python.ops.rnn) is deprecated and will be removed in a future version.
Instructions for updating:
Please use `keras.layers.Bidirectional(keras.layers.RNN(cell))`, which is equivalent to this API
WARNING:tensorflow:From /scratch/rrs99/Discourse_parser_pipeline/Discourse_segmenter/src/rnn.py:19: bidirectional_dynamic_rnn (from tensorflow.python.ops.rnn) is deprecated and will be removed in a future version.
Instructions for updating:
Please use `keras.layers.Bidirectional(keras.layers.RNN(cell))`, which is equivalent to this API
WARNING:tensorflow:From /scratch/rrs99/Discourse_parser_pipeline/Discourse_segmenter/src/rnn.py:19: bidirectional_dynamic_rnn (from tensorflow.python.ops.rnn) is deprecated and will be removed in a future version.
Instructions for updating:
Please use `keras.layers.Bidirectional(keras.layers.RNN(cell))`, which is equivalent to this API
WARNING:tensorflow:From /project/6007993/rrs99/neural_edu_venv/lib/python3.7/site-packages/tensorflow_core/python/ops/rnn.py:464: dynamic_rnn (from tensorflow.python.ops.rnn) is deprecated and will be removed in a future version.
Instructions for updating:
Please use `keras.layers.RNN(cell)`, which is equivalent to this API
WARNING:tensorflow:From /scratch/rrs99/Discourse_parser_pipeline/Discourse_segmenter/src/rnn.py:19: bidirectional_dynamic_rnn (from tensorflow.python.ops.rnn) is deprecated and will be removed in a future version.
Instructions for updating:
Please use `keras.layers.Bidirectional(keras.layers.RNN(cell))`, which is equivalent to this API
WARNING:tensorflow:From /project/6007993/rrs99/neural_edu_venv/lib/python3.7/site-packages/tensorflow_core/python/ops/rnn.py:464: dynamic_rnn (from tensorflow.python.ops.rnn) is deprecated and will be removed in a future version.
Instructions for updating:
Please use `keras.layers.RNN(cell)`, which is equivalent to this API
WARNING:tensorflow:From /scratch/rrs99/Discourse_parser_pipeline/Discourse_segmenter/src/rnn.py:19: bidirectional_dynamic_rnn (from tensorflow.python.ops.rnn) is deprecated and will be removed in a future version.
Instructions for updating:
Please use `keras.layers.Bidirectional(keras.layers.RNN(cell))`, which is equivalent to this API
WARNING:tensorflow:From /project/6007993/rrs99/neural_edu_venv/lib/python3.7/site-packages/tensorflow_core/python/ops/rnn.py:464: dynamic_rnn (from tensorflow.python.ops.rnn) is deprecated and will be removed in a future version.
Instructions for updating:
Please use `keras.layers.RNN(cell)`, which is equivalent to this API
WARNING:tensorflow:From /project/6007993/rrs99/neural_edu_venv/lib/python3.7/site-packages/tensorflow_core/python/ops/rnn.py:464: dynamic_rnn (from tensorflow.python.ops.rnn) is deprecated and will be removed in a future version.
Instructions for updating:
Please use `keras.layers.RNN(cell)`, which is equivalent to this API
WARNING:tensorflow:From /project/6007993/rrs99/neural_edu_venv/lib/python3.7/site-packages/tensorflow_core/python/ops/rnn.py:464: dynamic_rnn (from tensorflow.python.ops.rnn) is deprecated and will be removed in a future version.
Instructions for updating:
Please use `keras.layers.RNN(cell)`, which is equivalent to this API
WARNING:tensorflow:From /project/6007993/rrs99/neural_edu_venv/lib/python3.7/site-packages/tensorflow_core/python/ops/rnn.py:464: dynamic_rnn (from tensorflow.python.ops.rnn) is deprecated and will be removed in a future version.
Instructions for updating:
Please use `keras.layers.RNN(cell)`, which is equivalent to this API
WARNING:tensorflow:From /project/6007993/rrs99/neural_edu_venv/lib/python3.7/site-packages/tensorflow_core/python/ops/rnn_cell_impl.py:958: Layer.add_variable (from tensorflow.python.keras.engine.base_layer) is deprecated and will be removed in a future version.
Instructions for updating:
Please use `layer.add_weight` method instead.
WARNING:tensorflow:From /project/6007993/rrs99/neural_edu_venv/lib/python3.7/site-packages/tensorflow_core/python/ops/rnn_cell_impl.py:958: Layer.add_variable (from tensorflow.python.keras.engine.base_layer) is deprecated and will be removed in a future version.
Instructions for updating:
Please use `layer.add_weight` method instead.
WARNING:tensorflow:From /project/6007993/rrs99/neural_edu_venv/lib/python3.7/site-packages/tensorflow_core/python/ops/rnn_cell_impl.py:958: Layer.add_variable (from tensorflow.python.keras.engine.base_layer) is deprecated and will be removed in a future version.
Instructions for updating:
Please use `layer.add_weight` method instead.
WARNING:tensorflow:From /project/6007993/rrs99/neural_edu_venv/lib/python3.7/site-packages/tensorflow_core/python/ops/rnn_cell_impl.py:958: Layer.add_variable (from tensorflow.python.keras.engine.base_layer) is deprecated and will be removed in a future version.
Instructions for updating:
Please use `layer.add_weight` method instead.
WARNING:tensorflow:From /project/6007993/rrs99/neural_edu_venv/lib/python3.7/site-packages/tensorflow_core/python/ops/rnn_cell_impl.py:962: calling Zeros.__init__ (from tensorflow.python.ops.init_ops) with dtype is deprecated and will be removed in a future version.
Instructions for updating:
Call initializer instance with the dtype argument instead of passing it to the constructor
WARNING:tensorflow:From /project/6007993/rrs99/neural_edu_venv/lib/python3.7/site-packages/tensorflow_core/python/ops/rnn_cell_impl.py:962: calling Zeros.__init__ (from tensorflow.python.ops.init_ops) with dtype is deprecated and will be removed in a future version.
Instructions for updating:
Call initializer instance with the dtype argument instead of passing it to the constructor
WARNING:tensorflow:From /project/6007993/rrs99/neural_edu_venv/lib/python3.7/site-packages/tensorflow_core/python/ops/rnn_cell_impl.py:958: Layer.add_variable (from tensorflow.python.keras.engine.base_layer) is deprecated and will be removed in a future version.
Instructions for updating:
Please use `layer.add_weight` method instead.
WARNING:tensorflow:From /project/6007993/rrs99/neural_edu_venv/lib/python3.7/site-packages/tensorflow_core/python/ops/rnn_cell_impl.py:958: Layer.add_variable (from tensorflow.python.keras.engine.base_layer) is deprecated and will be removed in a future version.
Instructions for updating:
Please use `layer.add_weight` method instead.
WARNING:tensorflow:From /project/6007993/rrs99/neural_edu_venv/lib/python3.7/site-packages/tensorflow_core/python/ops/rnn_cell_impl.py:962: calling Zeros.__init__ (from tensorflow.python.ops.init_ops) with dtype is deprecated and will be removed in a future version.
Instructions for updating:
Call initializer instance with the dtype argument instead of passing it to the constructor
WARNING:tensorflow:From /project/6007993/rrs99/neural_edu_venv/lib/python3.7/site-packages/tensorflow_core/python/ops/rnn_cell_impl.py:962: calling Zeros.__init__ (from tensorflow.python.ops.init_ops) with dtype is deprecated and will be removed in a future version.
Instructions for updating:
Call initializer instance with the dtype argument instead of passing it to the constructor
WARNING:tensorflow:From /project/6007993/rrs99/neural_edu_venv/lib/python3.7/site-packages/tensorflow_core/python/ops/rnn_cell_impl.py:962: calling Zeros.__init__ (from tensorflow.python.ops.init_ops) with dtype is deprecated and will be removed in a future version.
Instructions for updating:
Call initializer instance with the dtype argument instead of passing it to the constructor
WARNING:tensorflow:From /project/6007993/rrs99/neural_edu_venv/lib/python3.7/site-packages/tensorflow_core/python/ops/rnn_cell_impl.py:962: calling Zeros.__init__ (from tensorflow.python.ops.init_ops) with dtype is deprecated and will be removed in a future version.
Instructions for updating:
Call initializer instance with the dtype argument instead of passing it to the constructor
WARNING:tensorflow:From /project/6007993/rrs99/neural_edu_venv/lib/python3.7/site-packages/tensorflow_core/python/ops/rnn.py:244: where (from tensorflow.python.ops.array_ops) is deprecated and will be removed in a future version.
Instructions for updating:
Use tf.where in 2.0, which has the same broadcast rule as np.where
WARNING:tensorflow:From /project/6007993/rrs99/neural_edu_venv/lib/python3.7/site-packages/tensorflow_core/python/ops/rnn.py:244: where (from tensorflow.python.ops.array_ops) is deprecated and will be removed in a future version.
Instructions for updating:
Use tf.where in 2.0, which has the same broadcast rule as np.where
WARNING:tensorflow:From /project/6007993/rrs99/neural_edu_venv/lib/python3.7/site-packages/tensorflow_core/python/ops/rnn.py:244: where (from tensorflow.python.ops.array_ops) is deprecated and will be removed in a future version.
Instructions for updating:
Use tf.where in 2.0, which has the same broadcast rule as np.where
WARNING:tensorflow:From /project/6007993/rrs99/neural_edu_venv/lib/python3.7/site-packages/tensorflow_core/python/ops/rnn.py:244: where (from tensorflow.python.ops.array_ops) is deprecated and will be removed in a future version.
Instructions for updating:
Use tf.where in 2.0, which has the same broadcast rule as np.where
WARNING:tensorflow:From /project/6007993/rrs99/neural_edu_venv/lib/python3.7/site-packages/tensorflow_core/python/ops/rnn.py:244: where (from tensorflow.python.ops.array_ops) is deprecated and will be removed in a future version.
Instructions for updating:
Use tf.where in 2.0, which has the same broadcast rule as np.where
WARNING:tensorflow:From /project/6007993/rrs99/neural_edu_venv/lib/python3.7/site-packages/tensorflow_core/python/ops/rnn.py:244: where (from tensorflow.python.ops.array_ops) is deprecated and will be removed in a future version.
Instructions for updating:
Use tf.where in 2.0, which has the same broadcast rule as np.where
WARNING:tensorflow:From /scratch/rrs99/Discourse_parser_pipeline/Discourse_segmenter/src/layers.py:40: The name tf.matrix_band_part is deprecated. Please use tf.linalg.band_part instead.

WARNING:tensorflow:From /scratch/rrs99/Discourse_parser_pipeline/Discourse_segmenter/src/layers.py:40: The name tf.matrix_band_part is deprecated. Please use tf.linalg.band_part instead.

WARNING:tensorflow:From /scratch/rrs99/Discourse_parser_pipeline/Discourse_segmenter/src/layers.py:40: The name tf.matrix_band_part is deprecated. Please use tf.linalg.band_part instead.

WARNING:tensorflow:From /scratch/rrs99/Discourse_parser_pipeline/Discourse_segmenter/src/layers.py:40: The name tf.matrix_band_part is deprecated. Please use tf.linalg.band_part instead.

WARNING:tensorflow:From /scratch/rrs99/Discourse_parser_pipeline/Discourse_segmenter/src/layers.py:40: The name tf.matrix_band_part is deprecated. Please use tf.linalg.band_part instead.

WARNING:tensorflow:From /scratch/rrs99/Discourse_parser_pipeline/Discourse_segmenter/src/layers.py:40: The name tf.matrix_band_part is deprecated. Please use tf.linalg.band_part instead.

WARNING:tensorflow:From /project/6007993/rrs99/neural_edu_venv/lib/python3.7/site-packages/tensorflow_core/contrib/layers/python/layers/layers.py:1866: Layer.apply (from tensorflow.python.keras.engine.base_layer) is deprecated and will be removed in a future version.
Instructions for updating:
Please use `layer.__call__` method instead.
WARNING:tensorflow:From /project/6007993/rrs99/neural_edu_venv/lib/python3.7/site-packages/tensorflow_core/contrib/layers/python/layers/layers.py:1866: Layer.apply (from tensorflow.python.keras.engine.base_layer) is deprecated and will be removed in a future version.
Instructions for updating:
Please use `layer.__call__` method instead.
WARNING:tensorflow:From /project/6007993/rrs99/neural_edu_venv/lib/python3.7/site-packages/tensorflow_core/contrib/layers/python/layers/layers.py:1866: Layer.apply (from tensorflow.python.keras.engine.base_layer) is deprecated and will be removed in a future version.
Instructions for updating:
Please use `layer.__call__` method instead.
WARNING:tensorflow:From /project/6007993/rrs99/neural_edu_venv/lib/python3.7/site-packages/tensorflow_core/contrib/layers/python/layers/layers.py:1866: Layer.apply (from tensorflow.python.keras.engine.base_layer) is deprecated and will be removed in a future version.
Instructions for updating:
Please use `layer.__call__` method instead.
WARNING:tensorflow:From /project/6007993/rrs99/neural_edu_venv/lib/python3.7/site-packages/tensorflow_core/contrib/layers/python/layers/layers.py:1866: Layer.apply (from tensorflow.python.keras.engine.base_layer) is deprecated and will be removed in a future version.
Instructions for updating:
Please use `layer.__call__` method instead.
WARNING:tensorflow:From /project/6007993/rrs99/neural_edu_venv/lib/python3.7/site-packages/tensorflow_core/contrib/layers/python/layers/layers.py:1866: Layer.apply (from tensorflow.python.keras.engine.base_layer) is deprecated and will be removed in a future version.
Instructions for updating:
Please use `layer.__call__` method instead.
WARNING:tensorflow:From /scratch/rrs99/Discourse_parser_pipeline/Discourse_segmenter/src/elmo_crf_seg.py:51: The name tf.trainable_variables is deprecated. Please use tf.compat.v1.trainable_variables instead.

WARNING:tensorflow:From /scratch/rrs99/Discourse_parser_pipeline/Discourse_segmenter/src/base_seg.py:80: The name tf.train.AdamOptimizer is deprecated. Please use tf.compat.v1.train.AdamOptimizer instead.

WARNING:tensorflow:From /scratch/rrs99/Discourse_parser_pipeline/Discourse_segmenter/src/elmo_crf_seg.py:51: The name tf.trainable_variables is deprecated. Please use tf.compat.v1.trainable_variables instead.

WARNING:tensorflow:From /scratch/rrs99/Discourse_parser_pipeline/Discourse_segmenter/src/base_seg.py:80: The name tf.train.AdamOptimizer is deprecated. Please use tf.compat.v1.train.AdamOptimizer instead.

WARNING:tensorflow:From /scratch/rrs99/Discourse_parser_pipeline/Discourse_segmenter/src/elmo_crf_seg.py:51: The name tf.trainable_variables is deprecated. Please use tf.compat.v1.trainable_variables instead.

WARNING:tensorflow:From /scratch/rrs99/Discourse_parser_pipeline/Discourse_segmenter/src/base_seg.py:80: The name tf.train.AdamOptimizer is deprecated. Please use tf.compat.v1.train.AdamOptimizer instead.

WARNING:tensorflow:From /scratch/rrs99/Discourse_parser_pipeline/Discourse_segmenter/src/elmo_crf_seg.py:51: The name tf.trainable_variables is deprecated. Please use tf.compat.v1.trainable_variables instead.

WARNING:tensorflow:From /scratch/rrs99/Discourse_parser_pipeline/Discourse_segmenter/src/base_seg.py:80: The name tf.train.AdamOptimizer is deprecated. Please use tf.compat.v1.train.AdamOptimizer instead.

WARNING:tensorflow:From /scratch/rrs99/Discourse_parser_pipeline/Discourse_segmenter/src/elmo_crf_seg.py:51: The name tf.trainable_variables is deprecated. Please use tf.compat.v1.trainable_variables instead.

WARNING:tensorflow:From /scratch/rrs99/Discourse_parser_pipeline/Discourse_segmenter/src/base_seg.py:80: The name tf.train.AdamOptimizer is deprecated. Please use tf.compat.v1.train.AdamOptimizer instead.

WARNING:tensorflow:From /scratch/rrs99/Discourse_parser_pipeline/Discourse_segmenter/src/elmo_crf_seg.py:51: The name tf.trainable_variables is deprecated. Please use tf.compat.v1.trainable_variables instead.

WARNING:tensorflow:From /scratch/rrs99/Discourse_parser_pipeline/Discourse_segmenter/src/base_seg.py:80: The name tf.train.AdamOptimizer is deprecated. Please use tf.compat.v1.train.AdamOptimizer instead.

WARNING:tensorflow:From /project/6007993/rrs99/neural_edu_venv/lib/python3.7/site-packages/tensorflow_core/python/training/moving_averages.py:433: Variable.initialized_value (from tensorflow.python.ops.variables) is deprecated and will be removed in a future version.
Instructions for updating:
Use Variable.read_value. Variables in 2.X are initialized automatically both in eager and graph (inside tf.defun) contexts.
WARNING:tensorflow:From /project/6007993/rrs99/neural_edu_venv/lib/python3.7/site-packages/tensorflow_core/python/training/moving_averages.py:433: Variable.initialized_value (from tensorflow.python.ops.variables) is deprecated and will be removed in a future version.
Instructions for updating:
Use Variable.read_value. Variables in 2.X are initialized automatically both in eager and graph (inside tf.defun) contexts.
WARNING:tensorflow:From /project/6007993/rrs99/neural_edu_venv/lib/python3.7/site-packages/tensorflow_core/python/training/moving_averages.py:433: Variable.initialized_value (from tensorflow.python.ops.variables) is deprecated and will be removed in a future version.
Instructions for updating:
Use Variable.read_value. Variables in 2.X are initialized automatically both in eager and graph (inside tf.defun) contexts.
WARNING:tensorflow:From /project/6007993/rrs99/neural_edu_venv/lib/python3.7/site-packages/tensorflow_core/python/training/moving_averages.py:433: Variable.initialized_value (from tensorflow.python.ops.variables) is deprecated and will be removed in a future version.
Instructions for updating:
Use Variable.read_value. Variables in 2.X are initialized automatically both in eager and graph (inside tf.defun) contexts.
WARNING:tensorflow:From /scratch/rrs99/Discourse_parser_pipeline/Discourse_segmenter/src/base_seg.py:54: The name tf.assign is deprecated. Please use tf.compat.v1.assign instead.

WARNING:tensorflow:From /scratch/rrs99/Discourse_parser_pipeline/Discourse_segmenter/src/base_seg.py:54: The name tf.assign is deprecated. Please use tf.compat.v1.assign instead.

WARNING:tensorflow:From /project/6007993/rrs99/neural_edu_venv/lib/python3.7/site-packages/tensorflow_core/python/training/moving_averages.py:433: Variable.initialized_value (from tensorflow.python.ops.variables) is deprecated and will be removed in a future version.
Instructions for updating:
Use Variable.read_value. Variables in 2.X are initialized automatically both in eager and graph (inside tf.defun) contexts.
WARNING:tensorflow:From /scratch/rrs99/Discourse_parser_pipeline/Discourse_segmenter/src/base_seg.py:61: The name tf.global_variables_initializer is deprecated. Please use tf.compat.v1.global_variables_initializer instead.

WARNING:tensorflow:From /scratch/rrs99/Discourse_parser_pipeline/Discourse_segmenter/src/base_seg.py:61: The name tf.global_variables_initializer is deprecated. Please use tf.compat.v1.global_variables_initializer instead.

WARNING:tensorflow:From /scratch/rrs99/Discourse_parser_pipeline/Discourse_segmenter/src/base_seg.py:54: The name tf.assign is deprecated. Please use tf.compat.v1.assign instead.

WARNING:tensorflow:From /scratch/rrs99/Discourse_parser_pipeline/Discourse_segmenter/src/base_seg.py:61: The name tf.global_variables_initializer is deprecated. Please use tf.compat.v1.global_variables_initializer instead.

WARNING:tensorflow:From /scratch/rrs99/Discourse_parser_pipeline/Discourse_segmenter/src/base_seg.py:54: The name tf.assign is deprecated. Please use tf.compat.v1.assign instead.

WARNING:tensorflow:From /scratch/rrs99/Discourse_parser_pipeline/Discourse_segmenter/src/base_seg.py:61: The name tf.global_variables_initializer is deprecated. Please use tf.compat.v1.global_variables_initializer instead.

WARNING:tensorflow:From /project/6007993/rrs99/neural_edu_venv/lib/python3.7/site-packages/tensorflow_core/python/training/moving_averages.py:433: Variable.initialized_value (from tensorflow.python.ops.variables) is deprecated and will be removed in a future version.
Instructions for updating:
Use Variable.read_value. Variables in 2.X are initialized automatically both in eager and graph (inside tf.defun) contexts.
WARNING:tensorflow:From /scratch/rrs99/Discourse_parser_pipeline/Discourse_segmenter/src/base_seg.py:54: The name tf.assign is deprecated. Please use tf.compat.v1.assign instead.

WARNING:tensorflow:From /scratch/rrs99/Discourse_parser_pipeline/Discourse_segmenter/src/base_seg.py:61: The name tf.global_variables_initializer is deprecated. Please use tf.compat.v1.global_variables_initializer instead.

WARNING:tensorflow:From /scratch/rrs99/Discourse_parser_pipeline/Discourse_segmenter/src/base_seg.py:54: The name tf.assign is deprecated. Please use tf.compat.v1.assign instead.

WARNING:tensorflow:From /scratch/rrs99/Discourse_parser_pipeline/Discourse_segmenter/src/base_seg.py:61: The name tf.global_variables_initializer is deprecated. Please use tf.compat.v1.global_variables_initializer instead.

WARNING:tensorflow:From /scratch/rrs99/Discourse_parser_pipeline/Discourse_segmenter/src/base_seg.py:71: The name tf.train.Saver is deprecated. Please use tf.compat.v1.train.Saver instead.

WARNING:tensorflow:From /scratch/rrs99/Discourse_parser_pipeline/Discourse_segmenter/src/base_seg.py:71: The name tf.train.Saver is deprecated. Please use tf.compat.v1.train.Saver instead.

WARNING:tensorflow:From /scratch/rrs99/Discourse_parser_pipeline/Discourse_segmenter/src/base_seg.py:71: The name tf.train.Saver is deprecated. Please use tf.compat.v1.train.Saver instead.

WARNING:tensorflow:From /scratch/rrs99/Discourse_parser_pipeline/Discourse_segmenter/src/base_seg.py:71: The name tf.train.Saver is deprecated. Please use tf.compat.v1.train.Saver instead.

WARNING:tensorflow:From /scratch/rrs99/Discourse_parser_pipeline/Discourse_segmenter/src/base_seg.py:71: The name tf.train.Saver is deprecated. Please use tf.compat.v1.train.Saver instead.

WARNING:tensorflow:From /scratch/rrs99/Discourse_parser_pipeline/Discourse_segmenter/src/base_seg.py:71: The name tf.train.Saver is deprecated. Please use tf.compat.v1.train.Saver instead.

Traceback (most recent call last):
  File "Discourse_segmenter/src/run.py", line 53, in <module>
    segment(args)
  File "/scratch/rrs99/Discourse_parser_pipeline/Discourse_segmenter/src/api_server.py", line 146, in segment
    articles_only = pickle.load(open(args.input_files[0], "rb"))
FileNotFoundError: [Errno 2] No such file or directory: 'output_data_allsides+taxes_200_articles/claim_with_articles_only.p'
Traceback (most recent call last):
  File "Discourse_segmenter/src/run.py", line 53, in <module>
    segment(args)
  File "/scratch/rrs99/Discourse_parser_pipeline/Discourse_segmenter/src/api_server.py", line 146, in segment
    articles_only = pickle.load(open(args.input_files[0], "rb"))
FileNotFoundError: [Errno 2] No such file or directory: 'output_data_allsides+gun_control_and_gun_rights_200_articles/claim_with_articles_only.p'
Traceback (most recent call last):
  File "Discourse_segmenter/src/run.py", line 53, in <module>
    segment(args)
  File "/scratch/rrs99/Discourse_parser_pipeline/Discourse_segmenter/src/api_server.py", line 146, in segment
    articles_only = pickle.load(open(args.input_files[0], "rb"))
FileNotFoundError: [Errno 2] No such file or directory: 'output_data_allsides+immigration_200_articles/claim_with_articles_only.p'
Traceback (most recent call last):
  File "Discourse_segmenter/src/run.py", line 53, in <module>
    segment(args)
  File "/scratch/rrs99/Discourse_parser_pipeline/Discourse_segmenter/src/api_server.py", line 146, in segment
    articles_only = pickle.load(open(args.input_files[0], "rb"))
FileNotFoundError: [Errno 2] No such file or directory: 'output_data_allsides+voting_rights_and_voter_fraud_200_articles/claim_with_articles_only.p'
Traceback (most recent call last):
  File "Discourse_segmenter/src/run.py", line 53, in <module>
    segment(args)
  File "/scratch/rrs99/Discourse_parser_pipeline/Discourse_segmenter/src/api_server.py", line 146, in segment
    articles_only = pickle.load(open(args.input_files[0], "rb"))
FileNotFoundError: [Errno 2] No such file or directory: 'output_data_allsides+abortion_200_articles/claim_with_articles_only.p'
Traceback (most recent call last):
  File "Discourse_segmenter/src/run.py", line 53, in <module>
    segment(args)
  File "/scratch/rrs99/Discourse_parser_pipeline/Discourse_segmenter/src/api_server.py", line 146, in segment
    articles_only = pickle.load(open(args.input_files[0], "rb"))
FileNotFoundError: [Errno 2] No such file or directory: 'output_data_allsides+elections_200_articles/claim_with_articles_only.p'
